2026-07-11 18:50:59 | INFO | main | Starting Factor Research Engine | Mode: run
2026-07-11 18:51:00 | INFO | pipeline_runner | 
============================================================
2026-07-11 18:51:00 | INFO | pipeline_runner | DAILY PIPELINE START: 2026-07-11
2026-07-11 18:51:00 | INFO | pipeline_runner | ============================================================
2026-07-11 18:51:00 | INFO | pipeline_runner | Step 1: Updating market data...
2026-07-11 18:51:01 | INFO | fetch_universe | Fetched 500 tickers from Nifty 500.
2026-07-11 18:51:03 | INFO | download_data | [1/500] Saved: 360ONE.NS
2026-07-11 18:51:04 | INFO | download_data | [2/500] Saved: 3MINDIA.NS
2026-07-11 18:51:04 | INFO | download_data | [3/500] Saved: ABB.NS
2026-07-11 18:51:04 | INFO | download_data | [4/500] Saved: ACC.NS
2026-07-11 18:51:05 | INFO | download_data | [5/500] Saved: ACMESOLAR.NS
2026-07-11 18:51:05 | INFO | download_data | [6/500] Saved: AIAENG.NS
2026-07-11 18:51:06 | INFO | download_data | [7/500] Saved: APLAPOLLO.NS
2026-07-11 18:51:06 | INFO | download_data | [8/500] Saved: AUBANK.NS
2026-07-11 18:51:07 | INFO | download_data | [9/500] Saved: AWL.NS
2026-07-11 18:51:07 | INFO | download_data | [10/500] Saved: AADHARHFC.NS
2026-07-11 18:51:08 | INFO | download_data | [11/500] Saved: AARTIIND.NS
2026-07-11 18:51:08 | INFO | download_data | [12/500] Saved: AAVAS.NS
2026-07-11 18:51:08 | INFO | download_data | [13/500] Saved: ABBOTINDIA.NS
2026-07-11 18:51:09 | INFO | download_data | [14/500] Saved: ACE.NS
2026-07-11 18:51:09 | INFO | download_data | [15/500] Saved: ACUTAAS.NS
2026-07-11 18:51:10 | INFO | download_data | [16/500] Saved: ADANIENSOL.NS
2026-07-11 18:51:10 | INFO | download_data | [17/500] Saved: ADANIENT.NS
2026-07-11 18:51:10 | INFO | download_data | [18/500] Saved: ADANIGREEN.NS
2026-07-11 18:51:11 | INFO | download_data | [19/500] Saved: ADANIPORTS.NS
2026-07-11 18:51:11 | INFO | download_data | [20/500] Saved: ADANIPOWER.NS
2026-07-11 18:51:11 | INFO | download_data | [21/500] Saved: ATGL.NS
2026-07-11 18:51:12 | INFO | download_data | [22/500] Saved: ABCAPITAL.NS
2026-07-11 18:51:13 | INFO | download_data | [23/500] Saved: ABFRL.NS
2026-07-11 18:51:13 | INFO | download_data | [24/500] Saved: ABLBL.NS
2026-07-11 18:51:13 | INFO | download_data | [25/500] Saved: ABREL.NS
2026-07-11 18:51:14 | INFO | download_data | [26/500] Saved: ABSLAMC.NS
2026-07-11 18:51:14 | INFO | download_data | [27/500] Saved: CPPLUS.NS
2026-07-11 18:51:14 | INFO | download_data | [28/500] Saved: AEGISLOG.NS
2026-07-11 18:51:15 | INFO | download_data | [29/500] Saved: AEGISVOPAK.NS
2026-07-11 18:51:15 | INFO | download_data | [30/500] Saved: AFCONS.NS
2026-07-11 18:51:16 | INFO | download_data | [31/500] Saved: AFFLE.NS
2026-07-11 18:51:16 | INFO | download_data | [32/500] Saved: AJANTPHARM.NS
2026-07-11 18:51:17 | INFO | download_data | [33/500] Saved: ALKEM.NS
2026-07-11 18:51:17 | INFO | download_data | [34/500] Saved: ABDL.NS
2026-07-11 18:51:17 | INFO | download_data | [35/500] Saved: ARE&M.NS
2026-07-11 18:51:18 | INFO | download_data | [36/500] Saved: AMBER.NS
2026-07-11 18:51:18 | INFO | download_data | [37/500] Saved: AMBUJACEM.NS
2026-07-11 18:51:19 | INFO | download_data | [38/500] Saved: ANANDRATHI.NS
2026-07-11 18:51:19 | INFO | download_data | [39/500] Saved: ANANTRAJ.NS
2026-07-11 18:51:19 | INFO | download_data | [40/500] Saved: ANGELONE.NS
2026-07-11 18:51:20 | INFO | download_data | [41/500] Saved: ANTHEM.NS
2026-07-11 18:51:20 | INFO | download_data | [42/500] Saved: ANURAS.NS
2026-07-11 18:51:20 | INFO | download_data | [43/500] Saved: APARINDS.NS
2026-07-11 18:51:21 | INFO | download_data | [44/500] Saved: APOLLOHOSP.NS
2026-07-11 18:51:21 | INFO | download_data | [45/500] Saved: APOLLOTYRE.NS
2026-07-11 18:51:22 | INFO | download_data | [46/500] Saved: APTUS.NS
2026-07-11 18:51:22 | INFO | download_data | [47/500] Saved: ASAHIINDIA.NS
2026-07-11 18:51:22 | INFO | download_data | [48/500] Saved: ASHOKLEY.NS
2026-07-11 18:51:23 | INFO | download_data | [49/500] Saved: ASIANPAINT.NS
2026-07-11 18:51:23 | INFO | download_data | [50/500] Saved: ASTERDM.NS
2026-07-11 18:51:24 | INFO | download_data | [51/500] Saved: ASTRAL.NS
2026-07-11 18:51:24 | INFO | download_data | [52/500] Saved: ATHERENERG.NS
2026-07-11 18:51:25 | INFO | download_data | [53/500] Saved: ATUL.NS
2026-07-11 18:51:25 | INFO | download_data | [54/500] Saved: AUROPHARMA.NS
2026-07-11 18:51:25 | INFO | download_data | [55/500] Saved: AIIL.NS
2026-07-11 18:51:26 | INFO | download_data | [56/500] Saved: DMART.NS
2026-07-11 18:51:26 | INFO | download_data | [57/500] Saved: AXISBANK.NS
2026-07-11 18:51:26 | INFO | download_data | [58/500] Saved: BEML.NS
2026-07-11 18:51:27 | INFO | download_data | [59/500] Saved: BLS.NS
2026-07-11 18:51:27 | INFO | download_data | [60/500] Saved: BSE.NS
2026-07-11 18:51:28 | INFO | download_data | [61/500] Saved: BAJAJ-AUTO.NS
2026-07-11 18:51:28 | INFO | download_data | [62/500] Saved: BAJFINANCE.NS
2026-07-11 18:51:29 | INFO | download_data | [63/500] Saved: BAJAJFINSV.NS
2026-07-11 18:51:29 | INFO | download_data | [64/500] Saved: BAJAJHLDNG.NS
2026-07-11 18:51:29 | INFO | download_data | [65/500] Saved: BAJAJHFL.NS
2026-07-11 18:51:30 | INFO | download_data | [66/500] Saved: BALKRISIND.NS
2026-07-11 18:51:31 | INFO | download_data | [67/500] Saved: BALRAMCHIN.NS
2026-07-11 18:51:31 | INFO | download_data | [68/500] Saved: BANDHANBNK.NS
2026-07-11 18:51:32 | INFO | download_data | [69/500] Saved: BANKBARODA.NS
2026-07-11 18:51:32 | INFO | download_data | [70/500] Saved: BANKINDIA.NS
2026-07-11 18:51:32 | INFO | download_data | [71/500] Saved: MAHABANK.NS
2026-07-11 18:51:33 | INFO | download_data | [72/500] Saved: BATAINDIA.NS
2026-07-11 18:51:33 | INFO | download_data | [73/500] Saved: BAYERCROP.NS
2026-07-11 18:51:34 | INFO | download_data | [74/500] Saved: BELRISE.NS
2026-07-11 18:51:34 | INFO | download_data | [75/500] Saved: BERGEPAINT.NS
2026-07-11 18:51:35 | INFO | download_data | [76/500] Saved: BDL.NS
2026-07-11 18:51:35 | INFO | download_data | [77/500] Saved: BEL.NS
2026-07-11 18:51:36 | INFO | download_data | [78/500] Saved: BHARATFORG.NS
2026-07-11 18:51:37 | INFO | download_data | [79/500] Saved: BHEL.NS
2026-07-11 18:51:47 | WARNING | download_data | No data for: BPCL.NS
2026-07-11 18:51:48 | INFO | download_data | [81/500] Saved: BHARTIARTL.NS
2026-07-11 18:51:49 | INFO | download_data | [82/500] Saved: BHARTIHEXA.NS
2026-07-11 18:51:49 | INFO | download_data | [83/500] Saved: BIKAJI.NS
2026-07-11 18:51:50 | INFO | download_data | [84/500] Saved: GROWW.NS
2026-07-11 18:51:50 | INFO | download_data | [85/500] Saved: BIOCON.NS
2026-07-11 18:51:51 | INFO | download_data | [86/500] Saved: BSOFT.NS
2026-07-11 18:51:52 | INFO | download_data | [87/500] Saved: BLUEDART.NS
2026-07-11 18:51:52 | INFO | download_data | [88/500] Saved: BLUEJET.NS
2026-07-11 18:51:53 | INFO | download_data | [89/500] Saved: BLUESTARCO.NS
2026-07-11 18:51:54 | INFO | download_data | [90/500] Saved: BBTC.NS
2026-07-11 18:51:54 | INFO | download_data | [91/500] Saved: BOSCHLTD.NS
2026-07-11 18:51:55 | INFO | download_data | [92/500] Saved: FIRSTCRY.NS
2026-07-11 18:51:56 | INFO | download_data | [93/500] Saved: BRIGADE.NS
2026-07-11 18:51:56 | INFO | download_data | [94/500] Saved: BRITANNIA.NS
2026-07-11 18:51:57 | INFO | download_data | [95/500] Saved: MAPMYINDIA.NS
2026-07-11 18:51:58 | INFO | download_data | [96/500] Saved: CCL.NS
2026-07-11 18:52:08 | WARNING | download_data | No data for: CESC.NS
2026-07-11 18:52:08 | WARNING | download_data | No data for: CGPOWER.NS
2026-07-11 18:52:08 | WARNING | download_data | No data for: CIEINDIA.NS
2026-07-11 18:52:08 | WARNING | download_data | No data for: CRISIL.NS
2026-07-11 18:52:08 | WARNING | download_data | No data for: CANFINHOME.NS
2026-07-11 18:52:08 | WARNING | download_data | No data for: CANBK.NS
2026-07-11 18:52:08 | WARNING | download_data | No data for: CANHLIFE.NS
2026-07-11 18:52:08 | WARNING | download_data | No data for: CAPLIPOINT.NS
2026-07-11 18:52:08 | WARNING | download_data | No data for: CGCL.NS
2026-07-11 18:52:08 | WARNING | download_data | No data for: CARBORUNIV.NS
2026-07-11 18:52:08 | WARNING | download_data | No data for: CARTRADE.NS
2026-07-11 18:52:08 | WARNING | download_data | No data for: CASTROLIND.NS
2026-07-11 18:52:08 | WARNING | download_data | No data for: CEATLTD.NS
2026-07-11 18:52:08 | WARNING | download_data | No data for: CEMPRO.NS
2026-07-11 18:52:08 | WARNING | download_data | No data for: CENTRALBK.NS
2026-07-11 18:52:08 | WARNING | download_data | No data for: CDSL.NS
2026-07-11 18:52:08 | WARNING | download_data | No data for: CHALET.NS
2026-07-11 18:52:08 | WARNING | download_data | No data for: CHAMBLFERT.NS
2026-07-11 18:52:08 | WARNING | download_data | No data for: CHENNPETRO.NS
2026-07-11 18:52:08 | WARNING | download_data | No data for: CHOICEIN.NS
2026-07-11 18:52:08 | WARNING | download_data | No data for: CHOLAHLDNG.NS
2026-07-11 18:52:08 | WARNING | download_data | No data for: CHOLAFIN.NS
2026-07-11 18:52:08 | WARNING | download_data | No data for: CIPLA.NS
2026-07-11 18:52:08 | WARNING | download_data | No data for: CUB.NS
2026-07-11 18:52:08 | WARNING | download_data | No data for: CLEAN.NS
2026-07-11 18:52:08 | WARNING | download_data | No data for: COALINDIA.NS
2026-07-11 18:52:08 | WARNING | download_data | No data for: COCHINSHIP.NS
2026-07-11 18:52:08 | WARNING | download_data | No data for: COFORGE.NS
2026-07-11 18:52:08 | WARNING | download_data | No data for: COHANCE.NS
2026-07-11 18:52:08 | WARNING | download_data | No data for: COLPAL.NS
2026-07-11 18:52:08 | WARNING | download_data | No data for: CAMS.NS
2026-07-11 18:52:08 | WARNING | download_data | No data for: CONCORDBIO.NS
2026-07-11 18:52:08 | WARNING | download_data | No data for: CONCOR.NS
2026-07-11 18:52:08 | WARNING | download_data | No data for: COROMANDEL.NS
2026-07-11 18:52:08 | WARNING | download_data | No data for: CRAFTSMAN.NS
2026-07-11 18:52:08 | WARNING | download_data | No data for: CREDITACC.NS
2026-07-11 18:52:08 | WARNING | download_data | No data for: CROMPTON.NS
2026-07-11 18:52:08 | WARNING | download_data | No data for: CUMMINSIND.NS
2026-07-11 18:52:08 | WARNING | download_data | No data for: CYIENT.NS
2026-07-11 18:52:08 | WARNING | download_data | No data for: DCMSHRIRAM.NS
2026-07-11 18:52:08 | WARNING | download_data | No data for: DLF.NS
2026-07-11 18:52:08 | WARNING | download_data | No data for: DOMS.NS
2026-07-11 18:52:08 | WARNING | download_data | No data for: DABUR.NS
2026-07-11 18:52:08 | WARNING | download_data | No data for: DALBHARAT.NS
2026-07-11 18:52:08 | WARNING | download_data | No data for: DATAPATTNS.NS
2026-07-11 18:52:08 | WARNING | download_data | No data for: DEEPAKFERT.NS
2026-07-11 18:52:08 | WARNING | download_data | No data for: DEEPAKNTR.NS
2026-07-11 18:52:08 | WARNING | download_data | No data for: DELHIVERY.NS
2026-07-11 18:52:08 | WARNING | download_data | No data for: DEVYANI.NS
2026-07-11 18:52:08 | WARNING | download_data | No data for: DIVISLAB.NS
2026-07-11 18:52:08 | WARNING | download_data | No data for: DIXON.NS
2026-07-11 18:52:08 | WARNING | download_data | No data for: LALPATHLAB.NS
2026-07-11 18:52:08 | WARNING | download_data | No data for: DRREDDY.NS
2026-07-11 18:52:08 | WARNING | download_data | No data for: EIDPARRY.NS
2026-07-11 18:52:08 | WARNING | download_data | No data for: EIHOTEL.NS
2026-07-11 18:52:09 | WARNING | download_data | No data for: EICHERMOT.NS
2026-07-11 18:52:09 | WARNING | download_data | No data for: ELECON.NS
2026-07-11 18:52:09 | WARNING | download_data | No data for: ELGIEQUIP.NS
2026-07-11 18:52:09 | WARNING | download_data | No data for: EMAMILTD.NS
2026-07-11 18:52:09 | WARNING | download_data | No data for: EMCURE.NS
2026-07-11 18:52:09 | WARNING | download_data | No data for: EMMVEE.NS
2026-07-11 18:52:09 | WARNING | download_data | No data for: ENDURANCE.NS
2026-07-11 18:52:09 | WARNING | download_data | No data for: ENGINERSIN.NS
2026-07-11 18:52:09 | WARNING | download_data | No data for: ERIS.NS
2026-07-11 18:52:09 | WARNING | download_data | No data for: ESCORTS.NS
2026-07-11 18:52:09 | WARNING | download_data | No data for: ETERNAL.NS
2026-07-11 18:52:09 | WARNING | download_data | No data for: EXIDEIND.NS
2026-07-11 18:52:09 | WARNING | download_data | No data for: NYKAA.NS
2026-07-11 18:52:09 | WARNING | download_data | No data for: FEDERALBNK.NS
2026-07-11 18:52:09 | WARNING | download_data | No data for: FACT.NS
2026-07-11 18:52:09 | WARNING | download_data | No data for: FINCABLES.NS
2026-07-11 18:52:09 | WARNING | download_data | No data for: FSL.NS
2026-07-11 18:52:09 | WARNING | download_data | No data for: FIVESTAR.NS
2026-07-11 18:52:09 | WARNING | download_data | No data for: FORCEMOT.NS
2026-07-11 18:52:09 | WARNING | download_data | No data for: FORTIS.NS
2026-07-11 18:52:09 | WARNING | download_data | No data for: GAIL.NS
2026-07-11 18:52:09 | WARNING | download_data | No data for: GVT&D.NS
2026-07-11 18:52:09 | WARNING | download_data | No data for: GMRAIRPORT.NS
2026-07-11 18:52:09 | WARNING | download_data | No data for: GABRIEL.NS
2026-07-11 18:52:09 | WARNING | download_data | No data for: GALLANTT.NS
2026-07-11 18:52:09 | WARNING | download_data | No data for: GRSE.NS
2026-07-11 18:52:09 | WARNING | download_data | No data for: GICRE.NS
2026-07-11 18:52:09 | WARNING | download_data | No data for: GILLETTE.NS
2026-07-11 18:52:09 | WARNING | download_data | No data for: GLAND.NS
2026-07-11 18:52:09 | WARNING | download_data | No data for: GLAXO.NS
2026-07-11 18:52:09 | WARNING | download_data | No data for: GLENMARK.NS
2026-07-11 18:52:09 | WARNING | download_data | No data for: MEDANTA.NS
2026-07-11 18:52:09 | WARNING | download_data | No data for: GODIGIT.NS
2026-07-11 18:52:09 | WARNING | download_data | No data for: GPIL.NS
2026-07-11 18:52:09 | WARNING | download_data | No data for: GODFRYPHLP.NS
2026-07-11 18:52:09 | WARNING | download_data | No data for: GODREJCP.NS
2026-07-11 18:52:09 | WARNING | download_data | No data for: GODREJIND.NS
2026-07-11 18:52:09 | WARNING | download_data | No data for: GODREJPROP.NS
2026-07-11 18:52:09 | WARNING | download_data | No data for: GRANULES.NS
2026-07-11 18:52:09 | WARNING | download_data | No data for: GRAPHITE.NS
2026-07-11 18:52:09 | WARNING | download_data | No data for: GRASIM.NS
2026-07-11 18:52:09 | WARNING | download_data | No data for: GRAVITA.NS
2026-07-11 18:52:09 | WARNING | download_data | No data for: GESHIP.NS
2026-07-11 18:52:09 | WARNING | download_data | No data for: FLUOROCHEM.NS
2026-07-11 18:52:09 | WARNING | download_data | No data for: GMDCLTD.NS
2026-07-11 18:52:09 | WARNING | download_data | No data for: HEG.NS
2026-07-11 18:52:09 | WARNING | download_data | No data for: HBLENGINE.NS
2026-07-11 18:52:09 | WARNING | download_data | No data for: HCLTECH.NS
2026-07-11 18:52:09 | WARNING | download_data | No data for: HDBFS.NS
2026-07-11 18:52:09 | WARNING | download_data | No data for: HDFCAMC.NS
2026-07-11 18:52:09 | WARNING | download_data | No data for: HDFCBANK.NS
2026-07-11 18:52:09 | WARNING | download_data | No data for: HDFCLIFE.NS
2026-07-11 18:52:09 | WARNING | download_data | No data for: HFCL.NS
2026-07-11 18:52:09 | WARNING | download_data | No data for: HAVELLS.NS
2026-07-11 18:52:09 | WARNING | download_data | No data for: HEROMOTOCO.NS
2026-07-11 18:52:09 | WARNING | download_data | No data for: HEXT.NS
2026-07-11 18:52:09 | WARNING | download_data | No data for: HSCL.NS
2026-07-11 18:52:09 | WARNING | download_data | No data for: HINDALCO.NS
2026-07-11 18:52:09 | WARNING | download_data | No data for: HAL.NS
2026-07-11 18:52:09 | WARNING | download_data | No data for: HINDCOPPER.NS
2026-07-11 18:52:09 | WARNING | download_data | No data for: HINDPETRO.NS
2026-07-11 18:52:09 | WARNING | download_data | No data for: HINDUNILVR.NS
2026-07-11 18:52:09 | WARNING | download_data | No data for: HINDZINC.NS
2026-07-11 18:52:09 | WARNING | download_data | No data for: POWERINDIA.NS
2026-07-11 18:52:09 | WARNING | download_data | No data for: HOMEFIRST.NS
2026-07-11 18:52:09 | WARNING | download_data | No data for: HONASA.NS
2026-07-11 18:52:10 | WARNING | download_data | No data for: HONAUT.NS
2026-07-11 18:52:10 | WARNING | download_data | No data for: HUDCO.NS
2026-07-11 18:52:10 | WARNING | download_data | No data for: HYUNDAI.NS
2026-07-11 18:52:10 | WARNING | download_data | No data for: ICICIBANK.NS
2026-07-11 18:52:10 | WARNING | download_data | No data for: ICICIGI.NS
2026-07-11 18:52:10 | WARNING | download_data | No data for: ICICIAMC.NS
2026-07-11 18:52:10 | WARNING | download_data | No data for: ICICIPRULI.NS
2026-07-11 18:52:10 | WARNING | download_data | No data for: IDBI.NS
2026-07-11 18:52:10 | WARNING | download_data | No data for: IDFCFIRSTB.NS
2026-07-11 18:52:10 | WARNING | download_data | No data for: IFCI.NS
2026-07-11 18:52:10 | WARNING | download_data | No data for: IIFL.NS
2026-07-11 18:52:10 | WARNING | download_data | No data for: IRB.NS
2026-07-11 18:52:10 | WARNING | download_data | No data for: IRCON.NS
2026-07-11 18:52:10 | WARNING | download_data | No data for: ITCHOTELS.NS
2026-07-11 18:52:10 | WARNING | download_data | No data for: ITC.NS
2026-07-11 18:52:10 | WARNING | download_data | No data for: ITI.NS
2026-07-11 18:52:10 | WARNING | download_data | No data for: INDGN.NS
2026-07-11 18:52:10 | WARNING | download_data | No data for: INDIACEM.NS
2026-07-11 18:52:10 | WARNING | download_data | No data for: INDIAMART.NS
2026-07-11 18:52:10 | WARNING | download_data | No data for: INDIANB.NS
2026-07-11 18:52:10 | WARNING | download_data | No data for: IEX.NS
2026-07-11 18:52:10 | WARNING | download_data | No data for: INDHOTEL.NS
2026-07-11 18:52:10 | WARNING | download_data | No data for: IOC.NS
2026-07-11 18:52:10 | WARNING | download_data | No data for: IOB.NS
2026-07-11 18:52:10 | WARNING | download_data | No data for: IRCTC.NS
2026-07-11 18:52:10 | WARNING | download_data | No data for: IRFC.NS
2026-07-11 18:52:10 | WARNING | download_data | No data for: IREDA.NS
2026-07-11 18:52:10 | WARNING | download_data | No data for: IGL.NS
2026-07-11 18:52:10 | WARNING | download_data | No data for: INDUSTOWER.NS
2026-07-11 18:52:10 | WARNING | download_data | No data for: INDUSINDBK.NS
2026-07-11 18:52:10 | WARNING | download_data | No data for: NAUKRI.NS
2026-07-11 18:52:10 | WARNING | download_data | No data for: INFY.NS
2026-07-11 18:52:10 | WARNING | download_data | No data for: INOXWIND.NS
2026-07-11 18:52:10 | WARNING | download_data | No data for: INTELLECT.NS
2026-07-11 18:52:10 | WARNING | download_data | No data for: INDIGO.NS
2026-07-11 18:52:10 | WARNING | download_data | No data for: IGIL.NS
2026-07-11 18:52:10 | WARNING | download_data | No data for: IKS.NS
2026-07-11 18:52:10 | WARNING | download_data | No data for: IPCALAB.NS
2026-07-11 18:52:10 | WARNING | download_data | No data for: JBCHEPHARM.NS
2026-07-11 18:52:10 | WARNING | download_data | No data for: JKCEMENT.NS
2026-07-11 18:52:10 | WARNING | download_data | No data for: JBMA.NS
2026-07-11 18:52:10 | WARNING | download_data | No data for: JKTYRE.NS
2026-07-11 18:52:10 | WARNING | download_data | No data for: JMFINANCIL.NS
2026-07-11 18:52:10 | WARNING | download_data | No data for: JSWCEMENT.NS
2026-07-11 18:52:10 | WARNING | download_data | No data for: JSWDULUX.NS
2026-07-11 18:52:10 | WARNING | download_data | No data for: JSWENERGY.NS
2026-07-11 18:52:10 | WARNING | download_data | No data for: JSWINFRA.NS
2026-07-11 18:52:10 | WARNING | download_data | No data for: JSWSTEEL.NS
2026-07-11 18:52:10 | WARNING | download_data | No data for: JAINREC.NS
2026-07-11 18:52:10 | WARNING | download_data | No data for: JPPOWER.NS
2026-07-11 18:52:10 | WARNING | download_data | No data for: J&KBANK.NS
2026-07-11 18:52:10 | WARNING | download_data | No data for: JINDALSAW.NS
2026-07-11 18:52:10 | WARNING | download_data | No data for: JSL.NS
2026-07-11 18:52:10 | WARNING | download_data | No data for: JINDALSTEL.NS
2026-07-11 18:52:10 | WARNING | download_data | No data for: JIOFIN.NS
2026-07-11 18:52:10 | WARNING | download_data | No data for: JUBLFOOD.NS
2026-07-11 18:52:10 | WARNING | download_data | No data for: JUBLINGREA.NS
2026-07-11 18:52:10 | WARNING | download_data | No data for: JUBLPHARMA.NS
2026-07-11 18:52:10 | WARNING | download_data | No data for: JWL.NS
2026-07-11 18:52:10 | WARNING | download_data | No data for: JYOTICNC.NS
2026-07-11 18:52:10 | WARNING | download_data | No data for: KPRMILL.NS
2026-07-11 18:52:10 | WARNING | download_data | No data for: KEI.NS
2026-07-11 18:52:10 | WARNING | download_data | No data for: KPITTECH.NS
2026-07-11 18:52:10 | WARNING | download_data | No data for: KAJARIACER.NS
2026-07-11 18:52:10 | WARNING | download_data | No data for: KPIL.NS
2026-07-11 18:52:10 | WARNING | download_data | No data for: KALYANKJIL.NS
2026-07-11 18:52:10 | WARNING | download_data | No data for: KARURVYSYA.NS
2026-07-11 18:52:11 | WARNING | download_data | No data for: KAYNES.NS
2026-07-11 18:52:11 | WARNING | download_data | No data for: KEC.NS
2026-07-11 18:52:11 | WARNING | download_data | No data for: KFINTECH.NS
2026-07-11 18:52:11 | WARNING | download_data | No data for: KIRLOSENG.NS
2026-07-11 18:52:11 | WARNING | download_data | No data for: KOTAKBANK.NS
2026-07-11 18:52:11 | WARNING | download_data | No data for: KIMS.NS
2026-07-11 18:52:11 | WARNING | download_data | No data for: LTF.NS
2026-07-11 18:52:11 | WARNING | download_data | No data for: LTTS.NS
2026-07-11 18:52:11 | WARNING | download_data | No data for: LGEINDIA.NS
2026-07-11 18:52:11 | WARNING | download_data | No data for: LICHSGFIN.NS
2026-07-11 18:52:11 | WARNING | download_data | No data for: LTFOODS.NS
2026-07-11 18:52:11 | WARNING | download_data | No data for: LTM.NS
2026-07-11 18:52:11 | WARNING | download_data | No data for: LT.NS
2026-07-11 18:52:11 | WARNING | download_data | No data for: LATENTVIEW.NS
2026-07-11 18:52:11 | WARNING | download_data | No data for: LAURUSLABS.NS
2026-07-11 18:52:11 | WARNING | download_data | No data for: THELEELA.NS
2026-07-11 18:52:11 | WARNING | download_data | No data for: LEMONTREE.NS
2026-07-11 18:52:11 | WARNING | download_data | No data for: LENSKART.NS
2026-07-11 18:52:11 | WARNING | download_data | No data for: LICI.NS
2026-07-11 18:52:11 | WARNING | download_data | No data for: LINDEINDIA.NS
2026-07-11 18:52:11 | WARNING | download_data | No data for: LLOYDSME.NS
2026-07-11 18:52:11 | WARNING | download_data | No data for: LODHA.NS
2026-07-11 18:52:11 | WARNING | download_data | No data for: LUPIN.NS
2026-07-11 18:52:11 | WARNING | download_data | No data for: MMTC.NS
2026-07-11 18:52:11 | WARNING | download_data | No data for: MRF.NS
2026-07-11 18:52:11 | WARNING | download_data | No data for: MGL.NS
2026-07-11 18:52:11 | WARNING | download_data | No data for: M&MFIN.NS
2026-07-11 18:52:11 | WARNING | download_data | No data for: M&M.NS
2026-07-11 18:52:11 | WARNING | download_data | No data for: MANAPPURAM.NS
2026-07-11 18:52:11 | WARNING | download_data | No data for: MRPL.NS
2026-07-11 18:52:11 | WARNING | download_data | No data for: MANKIND.NS
2026-07-11 18:52:11 | WARNING | download_data | No data for: MARICO.NS
2026-07-11 18:52:11 | WARNING | download_data | No data for: MARUTI.NS
2026-07-11 18:52:11 | WARNING | download_data | No data for: MFSL.NS
2026-07-11 18:52:11 | WARNING | download_data | No data for: MAXHEALTH.NS
2026-07-11 18:52:11 | WARNING | download_data | No data for: MAZDOCK.NS
2026-07-11 18:52:11 | WARNING | download_data | No data for: MEESHO.NS
2026-07-11 18:52:11 | WARNING | download_data | No data for: MINDACORP.NS
2026-07-11 18:52:11 | WARNING | download_data | No data for: MSUMI.NS
2026-07-11 18:52:11 | WARNING | download_data | No data for: MOTILALOFS.NS
2026-07-11 18:52:11 | WARNING | download_data | No data for: MPHASIS.NS
2026-07-11 18:52:11 | WARNING | download_data | No data for: MCX.NS
2026-07-11 18:52:11 | WARNING | download_data | No data for: MUTHOOTFIN.NS
2026-07-11 18:52:11 | WARNING | download_data | No data for: NATCOPHARM.NS
2026-07-11 18:52:11 | WARNING | download_data | No data for: NBCC.NS
2026-07-11 18:52:11 | WARNING | download_data | No data for: NCC.NS
2026-07-11 18:52:11 | WARNING | download_data | No data for: NHPC.NS
2026-07-11 18:52:11 | WARNING | download_data | No data for: NLCINDIA.NS
2026-07-11 18:52:11 | WARNING | download_data | No data for: NMDC.NS
2026-07-11 18:52:11 | WARNING | download_data | No data for: NSLNISP.NS
2026-07-11 18:52:11 | WARNING | download_data | No data for: NTPCGREEN.NS
2026-07-11 18:52:11 | WARNING | download_data | No data for: NTPC.NS
2026-07-11 18:52:11 | WARNING | download_data | No data for: NH.NS
2026-07-11 18:52:11 | WARNING | download_data | No data for: NATIONALUM.NS
2026-07-11 18:52:11 | WARNING | download_data | No data for: NAVA.NS
2026-07-11 18:52:11 | WARNING | download_data | No data for: NAVINFLUOR.NS
2026-07-11 18:52:11 | WARNING | download_data | No data for: NESTLEIND.NS
2026-07-11 18:52:11 | WARNING | download_data | No data for: NETWEB.NS
2026-07-11 18:52:11 | WARNING | download_data | No data for: NEULANDLAB.NS
2026-07-11 18:52:11 | WARNING | download_data | No data for: NEWGEN.NS
2026-07-11 18:52:11 | WARNING | download_data | No data for: NAM-INDIA.NS
2026-07-11 18:52:11 | WARNING | download_data | No data for: NIVABUPA.NS
2026-07-11 18:52:11 | WARNING | download_data | No data for: NUVAMA.NS
2026-07-11 18:52:11 | WARNING | download_data | No data for: NUVOCO.NS
2026-07-11 18:52:11 | WARNING | download_data | No data for: OBEROIRLTY.NS
2026-07-11 18:52:11 | WARNING | download_data | No data for: ONGC.NS
2026-07-11 18:52:11 | WARNING | download_data | No data for: OIL.NS
2026-07-11 18:52:11 | WARNING | download_data | No data for: OLAELEC.NS
2026-07-11 18:52:12 | WARNING | download_data | No data for: OLECTRA.NS
2026-07-11 18:52:12 | WARNING | download_data | No data for: PAYTM.NS
2026-07-11 18:52:12 | WARNING | download_data | No data for: ONESOURCE.NS
2026-07-11 18:52:12 | WARNING | download_data | No data for: OFSS.NS
2026-07-11 18:52:12 | WARNING | download_data | No data for: POLICYBZR.NS
2026-07-11 18:52:12 | WARNING | download_data | No data for: PCBL.NS
2026-07-11 18:52:12 | WARNING | download_data | No data for: PGEL.NS
2026-07-11 18:52:12 | WARNING | download_data | No data for: PIIND.NS
2026-07-11 18:52:12 | WARNING | download_data | No data for: PNBHOUSING.NS
2026-07-11 18:52:12 | WARNING | download_data | No data for: PTCIL.NS
2026-07-11 18:52:12 | WARNING | download_data | No data for: PVRINOX.NS
2026-07-11 18:52:12 | WARNING | download_data | No data for: PAGEIND.NS
2026-07-11 18:52:12 | WARNING | download_data | No data for: PARADEEP.NS
2026-07-11 18:52:12 | WARNING | download_data | No data for: PATANJALI.NS
2026-07-11 18:52:12 | WARNING | download_data | No data for: PERSISTENT.NS
2026-07-11 18:52:12 | WARNING | download_data | No data for: PETRONET.NS
2026-07-11 18:52:12 | WARNING | download_data | No data for: PFIZER.NS
2026-07-11 18:52:12 | WARNING | download_data | No data for: PHOENIXLTD.NS
2026-07-11 18:52:12 | WARNING | download_data | No data for: PWL.NS
2026-07-11 18:52:12 | WARNING | download_data | No data for: PIDILITIND.NS
2026-07-11 18:52:12 | WARNING | download_data | No data for: PINELABS.NS
2026-07-11 18:52:12 | WARNING | download_data | No data for: PIRAMALFIN.NS
2026-07-11 18:52:12 | WARNING | download_data | No data for: PPLPHARMA.NS
2026-07-11 18:52:12 | WARNING | download_data | No data for: POLYMED.NS
2026-07-11 18:52:12 | WARNING | download_data | No data for: POLYCAB.NS
2026-07-11 18:52:12 | WARNING | download_data | No data for: POONAWALLA.NS
2026-07-11 18:52:12 | WARNING | download_data | No data for: PFC.NS
2026-07-11 18:52:12 | WARNING | download_data | No data for: POWERGRID.NS
2026-07-11 18:52:12 | WARNING | download_data | No data for: PREMIERENE.NS
2026-07-11 18:52:12 | WARNING | download_data | No data for: PRESTIGE.NS
2026-07-11 18:52:12 | WARNING | download_data | No data for: PNB.NS
2026-07-11 18:52:12 | WARNING | download_data | No data for: RRKABEL.NS
2026-07-11 18:52:12 | WARNING | download_data | No data for: RBLBANK.NS
2026-07-11 18:52:12 | WARNING | download_data | No data for: RECLTD.NS
2026-07-11 18:52:12 | WARNING | download_data | No data for: RHIM.NS
2026-07-11 18:52:12 | WARNING | download_data | No data for: RITES.NS
2026-07-11 18:52:12 | WARNING | download_data | No data for: RADICO.NS
2026-07-11 18:52:12 | WARNING | download_data | No data for: RVNL.NS
2026-07-11 18:52:12 | WARNING | download_data | No data for: RAILTEL.NS
2026-07-11 18:52:12 | WARNING | download_data | No data for: RAINBOW.NS
2026-07-11 18:52:12 | WARNING | download_data | No data for: RKFORGE.NS
2026-07-11 18:52:12 | WARNING | download_data | No data for: REDINGTON.NS
2026-07-11 18:52:12 | WARNING | download_data | No data for: RELIANCE.NS
2026-07-11 18:52:12 | WARNING | download_data | No data for: RPOWER.NS
2026-07-11 18:52:12 | WARNING | download_data | No data for: SBFC.NS
2026-07-11 18:52:12 | WARNING | download_data | No data for: SBICARD.NS
2026-07-11 18:52:12 | WARNING | download_data | No data for: SBILIFE.NS
2026-07-11 18:52:12 | WARNING | download_data | No data for: SJVN.NS
2026-07-11 18:52:12 | WARNING | download_data | No data for: SRF.NS
2026-07-11 18:52:12 | WARNING | download_data | No data for: SAGILITY.NS
2026-07-11 18:52:12 | WARNING | download_data | No data for: SAILIFE.NS
2026-07-11 18:52:12 | WARNING | download_data | No data for: SAMMAANCAP.NS
2026-07-11 18:52:12 | WARNING | download_data | No data for: MOTHERSON.NS
2026-07-11 18:52:12 | WARNING | download_data | No data for: SAPPHIRE.NS
2026-07-11 18:52:12 | WARNING | download_data | No data for: SARDAEN.NS
2026-07-11 18:52:12 | WARNING | download_data | No data for: SAREGAMA.NS
2026-07-11 18:52:12 | WARNING | download_data | No data for: SCHAEFFLER.NS
2026-07-11 18:52:12 | WARNING | download_data | No data for: SCHNEIDER.NS
2026-07-11 18:52:12 | WARNING | download_data | No data for: SCI.NS
2026-07-11 18:52:12 | WARNING | download_data | No data for: SHREECEM.NS
2026-07-11 18:52:12 | WARNING | download_data | No data for: SHRIRAMFIN.NS
2026-07-11 18:52:12 | WARNING | download_data | No data for: SHYAMMETL.NS
2026-07-11 18:52:12 | WARNING | download_data | No data for: ENRIN.NS
2026-07-11 18:52:12 | WARNING | download_data | No data for: SIEMENS.NS
2026-07-11 18:52:12 | WARNING | download_data | No data for: SIGNATURE.NS
2026-07-11 18:52:12 | WARNING | download_data | No data for: SOBHA.NS
2026-07-11 18:52:12 | WARNING | download_data | No data for: SOLARINDS.NS
2026-07-11 18:52:12 | WARNING | download_data | No data for: SONACOMS.NS
2026-07-11 18:52:13 | WARNING | download_data | No data for: SONATSOFTW.NS
2026-07-11 18:52:13 | WARNING | download_data | No data for: STARHEALTH.NS
2026-07-11 18:52:13 | WARNING | download_data | No data for: SBIN.NS
2026-07-11 18:52:13 | WARNING | download_data | No data for: SAIL.NS
2026-07-11 18:52:13 | WARNING | download_data | No data for: SUMICHEM.NS
2026-07-11 18:52:13 | WARNING | download_data | No data for: SUNPHARMA.NS
2026-07-11 18:52:13 | WARNING | download_data | No data for: SUNTV.NS
2026-07-11 18:52:13 | WARNING | download_data | No data for: SUNDARMFIN.NS
2026-07-11 18:52:13 | WARNING | download_data | No data for: SUPREMEIND.NS
2026-07-11 18:52:13 | WARNING | download_data | No data for: SPLPETRO.NS
2026-07-11 18:52:13 | WARNING | download_data | No data for: SUZLON.NS
2026-07-11 18:52:13 | WARNING | download_data | No data for: SWANCORP.NS
2026-07-11 18:52:13 | WARNING | download_data | No data for: SWIGGY.NS
2026-07-11 18:52:13 | WARNING | download_data | No data for: SYNGENE.NS
2026-07-11 18:52:13 | WARNING | download_data | No data for: SYRMA.NS
2026-07-11 18:52:13 | WARNING | download_data | No data for: TBOTEK.NS
2026-07-11 18:52:13 | WARNING | download_data | No data for: TVSMOTOR.NS
2026-07-11 18:52:13 | WARNING | download_data | No data for: TATACAP.NS
2026-07-11 18:52:13 | WARNING | download_data | No data for: TATACHEM.NS
2026-07-11 18:52:13 | WARNING | download_data | No data for: TATACOMM.NS
2026-07-11 18:52:13 | WARNING | download_data | No data for: TCS.NS
2026-07-11 18:52:13 | WARNING | download_data | No data for: TATACONSUM.NS
2026-07-11 18:52:13 | WARNING | download_data | No data for: TATAELXSI.NS
2026-07-11 18:52:13 | WARNING | download_data | No data for: TATAINVEST.NS
2026-07-11 18:52:13 | WARNING | download_data | No data for: TMCV.NS
2026-07-11 18:52:13 | WARNING | download_data | No data for: TMPV.NS
2026-07-11 18:52:13 | WARNING | download_data | No data for: TATAPOWER.NS
2026-07-11 18:52:13 | WARNING | download_data | No data for: TATASTEEL.NS
2026-07-11 18:52:13 | WARNING | download_data | No data for: TATATECH.NS
2026-07-11 18:52:13 | WARNING | download_data | No data for: TTML.NS
2026-07-11 18:52:13 | WARNING | download_data | No data for: TECHM.NS
2026-07-11 18:52:13 | WARNING | download_data | No data for: TECHNOE.NS
2026-07-11 18:52:13 | WARNING | download_data | No data for: TEGA.NS
2026-07-11 18:52:13 | WARNING | download_data | No data for: TEJASNET.NS
2026-07-11 18:52:13 | WARNING | download_data | No data for: TENNIND.NS
2026-07-11 18:52:13 | WARNING | download_data | No data for: NIACL.NS
2026-07-11 18:52:13 | WARNING | download_data | No data for: RAMCOCEM.NS
2026-07-11 18:52:13 | WARNING | download_data | No data for: THERMAX.NS
2026-07-11 18:52:13 | WARNING | download_data | No data for: TIMKEN.NS
2026-07-11 18:52:13 | WARNING | download_data | No data for: TITAGARH.NS
2026-07-11 18:52:13 | WARNING | download_data | No data for: TITAN.NS
2026-07-11 18:52:13 | WARNING | download_data | No data for: TORNTPHARM.NS
2026-07-11 18:52:13 | WARNING | download_data | No data for: TORNTPOWER.NS
2026-07-11 18:52:13 | WARNING | download_data | No data for: TARIL.NS
2026-07-11 18:52:13 | WARNING | download_data | No data for: TRAVELFOOD.NS
2026-07-11 18:52:13 | WARNING | download_data | No data for: TRENT.NS
2026-07-11 18:52:13 | WARNING | download_data | No data for: TRIDENT.NS
2026-07-11 18:52:13 | WARNING | download_data | No data for: TRITURBINE.NS
2026-07-11 18:52:13 | WARNING | download_data | No data for: TIINDIA.NS
2026-07-11 18:52:13 | WARNING | download_data | No data for: UCOBANK.NS
2026-07-11 18:52:13 | WARNING | download_data | No data for: UNOMINDA.NS
2026-07-11 18:52:13 | WARNING | download_data | No data for: UPL.NS
2026-07-11 18:52:13 | WARNING | download_data | No data for: UTIAMC.NS
2026-07-11 18:52:13 | WARNING | download_data | No data for: ULTRACEMCO.NS
2026-07-11 18:52:13 | WARNING | download_data | No data for: UNIONBANK.NS
2026-07-11 18:52:13 | WARNING | download_data | No data for: UBL.NS
2026-07-11 18:52:13 | WARNING | download_data | No data for: UNITDSPR.NS
2026-07-11 18:52:13 | WARNING | download_data | No data for: URBANCO.NS
2026-07-11 18:52:13 | WARNING | download_data | No data for: USHAMART.NS
2026-07-11 18:52:13 | WARNING | download_data | No data for: VTL.NS
2026-07-11 18:52:13 | WARNING | download_data | No data for: VBL.NS
2026-07-11 18:52:13 | WARNING | download_data | No data for: VEDL.NS
2026-07-11 18:52:13 | WARNING | download_data | No data for: VIJAYA.NS
2026-07-11 18:52:13 | WARNING | download_data | No data for: VMM.NS
2026-07-11 18:52:14 | WARNING | download_data | No data for: IDEA.NS
2026-07-11 18:52:14 | WARNING | download_data | No data for: VOLTAS.NS
2026-07-11 18:52:14 | WARNING | download_data | No data for: WAAREEENER.NS
2026-07-11 18:52:14 | WARNING | download_data | No data for: WELCORP.NS
2026-07-11 18:52:14 | WARNING | download_data | No data for: WELSPUNLIV.NS
2026-07-11 18:52:14 | WARNING | download_data | No data for: WHIRLPOOL.NS
2026-07-11 18:52:14 | WARNING | download_data | No data for: WIPRO.NS
2026-07-11 18:52:14 | WARNING | download_data | No data for: WOCKPHARMA.NS
2026-07-11 18:52:14 | WARNING | download_data | No data for: YESBANK.NS
2026-07-11 18:52:14 | WARNING | download_data | No data for: ZFCVINDIA.NS
2026-07-11 18:52:14 | WARNING | download_data | No data for: ZEEL.NS
2026-07-11 18:52:14 | WARNING | download_data | No data for: ZENTEC.NS
2026-07-11 18:52:14 | WARNING | download_data | No data for: ZENSARTECH.NS
2026-07-11 18:52:14 | WARNING | download_data | No data for: ZYDUSLIFE.NS
2026-07-11 18:52:14 | WARNING | download_data | No data for: ZYDUSWELL.NS
2026-07-11 18:52:14 | WARNING | download_data | No data for: ECLERX.NS
2026-07-11 18:52:14 | INFO | download_data | Download Complete. Failed: 405 tickers.
2026-07-11 18:52:14 | INFO | pipeline_runner | Step 1 complete: Data updated
2026-07-11 18:52:14 | INFO | pipeline_runner | Step 2: Processing data...
2026-07-11 18:52:14 | INFO | process_data | Close matrix saved: (5, 95) → data/processed/close_prices.csv
2026-07-11 18:52:14 | INFO | process_data | Returns matrix saved: (4, 95)
2026-07-11 18:52:14 | INFO | pipeline_runner | Step 2 complete: 95 stocks, 5 days
2026-07-11 18:52:14 | INFO | pipeline_runner | Step 3: Building universe...
2026-07-11 18:52:14 | INFO | universe | History filter: 95 → 0 stocks
2026-07-11 18:52:14 | INFO | universe | Price filter: 95 → 95 stocks
2026-07-11 18:52:14 | INFO | universe | Liquidity filter: 95 → 57 stocks (min volume: 500,000)
2026-07-11 18:52:14 | INFO | universe | Final current universe: 0 stocks
2026-07-11 18:52:14 | INFO | universe | Historical universe built: avg 0 stocks/day
2026-07-11 18:52:14 | INFO | pipeline_runner | Step 3 complete: 0 stocks
2026-07-11 18:52:14 | INFO | pipeline_runner | Step 4: Computing factors...
2026-07-11 18:52:14 | INFO | factor_engine | Computing raw factors...
2026-07-11 18:52:14 | INFO | factor_engine | Momentum factor computed: window=252d, skip=21d
2026-07-11 18:52:14 | INFO | factor_engine | Reversal factor computed: window=5d
2026-07-11 18:52:14 | INFO | factor_engine | Volatility factor computed: window=20d, annualized
2026-07-11 18:52:14 | INFO | factor_engine | Quality proxy factor computed: window=60d
2026-07-11 18:52:14 | INFO | factor_engine | Normalizing factors...
2026-07-11 18:52:14 | INFO | factor_engine | Ranking factors...
2026-07-11 18:52:14 | INFO | factor_engine | Composite factor computed with weights: {'momentum': 0.4, 'reversal': 0.2, 'volatility': 0.2, 'quality': 0.2}
2026-07-11 18:52:14 | INFO | factor_engine | Computing IC diagnostics...
2026-07-11 18:52:15 | WARNING | factor_engine | IC series is empty — not enough forward data
2026-07-11 18:52:15 | INFO | factor_engine | Factor engine complete. All outputs saved to factors/
2026-07-11 18:52:15 | INFO | pipeline_runner | Step 4 complete: Factors computed
2026-07-11 18:52:15 | INFO | pipeline_runner | Step 5: Generating signals...
2026-07-11 18:52:15 | INFO | signal_engine | Generating raw signals...
2026-07-11 18:52:15 | INFO | signal_engine | Signals generated | Avg longs/day: 0.0 | Avg shorts/day: 0.0
2026-07-11 18:52:15 | INFO | signal_engine | Smoothing signals...
2026-07-11 18:52:15 | INFO | signal_engine | Signal smoothing applied: buffer=0.05
2026-07-11 18:52:15 | INFO | signal_engine | Applying rebalance schedule...
2026-07-11 18:52:15 | ERROR | pipeline_runner | Step 5 FAILED: 'Index' object has no attribute 'year'
Traceback (most recent call last):
  File "/Users/deepdesai/factor-research-engine/scheduler/pipeline_runner.py", line 121, in step_generate_signals
    signal_data = run_signal_engine(
        composite_scores=composite_scores,
        universe_flags=universe_flags,
        returns_matrix=returns
    )
  File "/Users/deepdesai/factor-research-engine/signals/signal_engine.py", line 201, in run_signal_engine
    final_signals = apply_rebalance_schedule(
        signals=smoothed_signals,
        frequency=config["portfolio"]["rebalance_freq"]
    )
  File "/Users/deepdesai/factor-research-engine/signals/signal_engine.py", line 121, in apply_rebalance_schedule
    rebalance_dates = get_rebalance_dates(signals.index, frequency)
  File "/Users/deepdesai/factor-research-engine/signals/signal_engine.py", line 98, in get_rebalance_dates
    .groupby([index.year, index.month])
              ^^^^^^^^^^
AttributeError: 'Index' object has no attribute 'year'

2026-07-11 18:52:15 | INFO | pipeline_runner | Pipeline state saved → logs/pipeline_state.yaml
2026-07-11 18:52:15 | INFO | main | Pipeline status: PARTIAL
